c:\users\hp\onedrive\desktop\c++ project\librarysystem\librarysystem\x64\debug\vc143.pdb
c:\users\hp\onedrive\desktop\c++ project\librarysystem\librarysystem\x64\debug\.netframework,version=v4.7.2.assemblyattributes.obj
c:\users\hp\onedrive\desktop\c++ project\librarysystem\librarysystem\x64\debug\viewbooksform.obj
c:\users\hp\onedrive\desktop\c++ project\librarysystem\librarysystem\x64\debug\memberform.obj
c:\users\hp\onedrive\desktop\c++ project\librarysystem\librarysystem\x64\debug\main.obj
c:\users\hp\onedrive\desktop\c++ project\librarysystem\librarysystem\x64\debug\issuebookform1.obj
c:\users\hp\onedrive\desktop\c++ project\librarysystem\librarysystem\x64\debug\addbookform.obj
c:\users\hp\onedrive\desktop\c++ project\librarysystem\librarysystem\x64\debug\returnbookform.obj
c:\users\hp\onedrive\desktop\c++ project\librarysystem\librarysystem\x64\debug\issuebookform.obj
c:\users\hp\onedrive\desktop\c++ project\librarysystem\librarysystem\x64\debug\mainform.obj
c:\users\hp\onedrive\desktop\c++ project\librarysystem\x64\debug\librarymanagementsystem.exe
c:\users\hp\onedrive\desktop\c++ project\librarysystem\x64\debug\librarymanagementsystem.pdb
c:\users\hp\onedrive\desktop\c++ project\librarysystem\librarysystem\x64\debug\librarym.3e4389b1.tlog\cl.command.1.tlog
c:\users\hp\onedrive\desktop\c++ project\librarysystem\librarysystem\x64\debug\librarym.3e4389b1.tlog\cl.items.tlog
c:\users\hp\onedrive\desktop\c++ project\librarysystem\librarysystem\x64\debug\librarym.3e4389b1.tlog\cl.read.1.tlog
c:\users\hp\onedrive\desktop\c++ project\librarysystem\librarysystem\x64\debug\librarym.3e4389b1.tlog\cl.write.1.tlog
c:\users\hp\onedrive\desktop\c++ project\librarysystem\librarysystem\x64\debug\librarym.3e4389b1.tlog\link.command.1.tlog
c:\users\hp\onedrive\desktop\c++ project\librarysystem\librarysystem\x64\debug\librarym.3e4389b1.tlog\link.read.1.tlog
c:\users\hp\onedrive\desktop\c++ project\librarysystem\librarysystem\x64\debug\librarym.3e4389b1.tlog\link.secondary.1.tlog
c:\users\hp\onedrive\desktop\c++ project\librarysystem\librarysystem\x64\debug\librarym.3e4389b1.tlog\link.write.1.tlog
c:\users\hp\onedrive\desktop\c++ project\librarysystem\librarysystem\x64\debug\librarym.3e4389b1.tlog\metagen.read.1.tlog
c:\users\hp\onedrive\desktop\c++ project\librarysystem\librarysystem\x64\debug\librarym.3e4389b1.tlog\metagen.write.1.tlog
c:\users\hp\onedrive\desktop\c++ project\librarysystem\librarysystem\x64\debug\librarym.3e4389b1.tlog\resgen.command.1.tlog
c:\users\hp\onedrive\desktop\c++ project\librarysystem\librarysystem\x64\debug\librarym.3e4389b1.tlog\resgen.read.1.tlog
c:\users\hp\onedrive\desktop\c++ project\librarysystem\librarysystem\x64\debug\librarym.3e4389b1.tlog\resgen.write.1.tlog
